d:\faculta\oop projects\lab11-12\lab11-12\x64\debug\vc140.pdb
d:\faculta\oop projects\lab11-12\lab11-12\x64\debug\watchlist.obj
d:\faculta\oop projects\lab11-12\lab11-12\x64\debug\utils.obj
d:\faculta\oop projects\lab11-12\lab11-12\x64\debug\repository.obj
d:\faculta\oop projects\lab11-12\lab11-12\x64\debug\myclass.obj
d:\faculta\oop projects\lab11-12\lab11-12\x64\debug\movievalidator.obj
d:\faculta\oop projects\lab11-12\lab11-12\x64\debug\movie.obj
d:\faculta\oop projects\lab11-12\lab11-12\x64\debug\main.obj
d:\faculta\oop projects\lab11-12\lab11-12\x64\debug\htmlfile.obj
d:\faculta\oop projects\lab11-12\lab11-12\x64\debug\moc_myclass.obj
d:\faculta\oop projects\lab11-12\lab11-12\x64\debug\filewatchlist.obj
d:\faculta\oop projects\lab11-12\lab11-12\x64\debug\exception.obj
d:\faculta\oop projects\lab11-12\lab11-12\x64\debug\csvfilecpp.obj
d:\faculta\oop projects\lab11-12\lab11-12\x64\debug\controller.obj
d:\faculta\oop projects\lab11-12\lab11-12\x64\debug\qrc_myclass.obj
d:\faculta\oop projects\lab11-12\lab11-12\x64\debug\moviewidget.obj
d:\faculta\oop projects\lab11-12\lab11-12\x64\debug\moc_moviewidget.obj
d:\faculta\oop projects\lab11-12\lab11-12\generatedfiles\debug\moc_myclass.cpp
d:\faculta\oop projects\lab11-12\lab11-12\generatedfiles\ui_myclass.h
d:\faculta\oop projects\lab11-12\lab11-12\generatedfiles\qrc_myclass.cpp
d:\faculta\oop projects\lab11-12\lab11-12\generatedfiles\debug\moc_moviewidget.cpp
d:\faculta\oop projects\lab11-12\lab11-12\generatedfiles\ui_moviewidget.h
d:\faculta\oop projects\lab11-12\x64\debug\lab11-12.ilk
d:\faculta\oop projects\lab11-12\x64\debug\lab11-12.exe
d:\faculta\oop projects\lab11-12\x64\debug\lab11-12.pdb
d:\faculta\oop projects\lab11-12\lab11-12\x64\debug\lab11-12.tlog\cl.command.1.tlog
d:\faculta\oop projects\lab11-12\lab11-12\x64\debug\lab11-12.tlog\cl.read.1.tlog
d:\faculta\oop projects\lab11-12\lab11-12\x64\debug\lab11-12.tlog\cl.write.1.tlog
d:\faculta\oop projects\lab11-12\lab11-12\x64\debug\lab11-12.tlog\custombuild.command.1.tlog
d:\faculta\oop projects\lab11-12\lab11-12\x64\debug\lab11-12.tlog\custombuild.read.1.tlog
d:\faculta\oop projects\lab11-12\lab11-12\x64\debug\lab11-12.tlog\custombuild.write.1.tlog
d:\faculta\oop projects\lab11-12\lab11-12\x64\debug\lab11-12.tlog\link.command.1.tlog
d:\faculta\oop projects\lab11-12\lab11-12\x64\debug\lab11-12.tlog\link.read.1.tlog
d:\faculta\oop projects\lab11-12\lab11-12\x64\debug\lab11-12.tlog\link.write.1.tlog
